2023/03/29 19:57:43 [notice] 1#1: using the "epoll" event method
2023/03/29 19:57:43 [notice] 1#1: nginx/1.23.4
2023/03/29 19:57:43 [notice] 1#1: built by gcc 10.2.1 20210110 (Debian 10.2.1-6) 
2023/03/29 19:57:43 [notice] 1#1: OS: Linux 5.15.49-linuxkit
2023/03/29 19:57:43 [notice] 1#1: getrlimit(RLIMIT_NOFILE): 1048576:1048576
2023/03/29 19:57:43 [notice] 1#1: start worker processes
2023/03/29 19:57:43 [notice] 1#1: start worker process 20
2023/03/29 19:57:43 [notice] 1#1: start worker process 21
2023/03/29 19:57:43 [notice] 1#1: start worker process 22
2023/03/29 19:57:43 [notice] 1#1: start worker process 23
2023/03/29 20:02:26 [notice] 1#1: signal 3 (SIGQUIT) received, shutting down
2023/03/29 20:02:26 [notice] 20#20: gracefully shutting down
2023/03/29 20:02:26 [notice] 21#21: gracefully shutting down
2023/03/29 20:02:26 [notice] 22#22: gracefully shutting down
2023/03/29 20:02:26 [notice] 23#23: gracefully shutting down
2023/03/29 20:02:26 [notice] 21#21: exiting
2023/03/29 20:02:26 [notice] 20#20: exiting
2023/03/29 20:02:26 [notice] 20#20: exit
2023/03/29 20:02:26 [notice] 21#21: exit
2023/03/29 20:02:26 [notice] 23#23: exiting
2023/03/29 20:02:26 [notice] 23#23: exit
2023/03/29 20:02:27 [notice] 1#1: signal 17 (SIGCHLD) received from 20
2023/03/29 20:02:27 [notice] 1#1: worker process 20 exited with code 0
2023/03/29 20:02:27 [notice] 1#1: signal 29 (SIGIO) received
2023/03/29 20:02:27 [notice] 1#1: signal 17 (SIGCHLD) received from 23
2023/03/29 20:02:27 [notice] 1#1: worker process 23 exited with code 0
2023/03/29 20:02:27 [notice] 1#1: signal 29 (SIGIO) received
2023/03/29 20:02:27 [notice] 1#1: signal 17 (SIGCHLD) received from 21
2023/03/29 20:02:27 [notice] 1#1: worker process 21 exited with code 0
2023/03/29 20:02:27 [notice] 1#1: signal 29 (SIGIO) received
2023/03/29 20:02:36 [notice] 22#22: signal 1 (SIGHUP) received, ignoring
2023/03/29 20:03:29 [notice] 1#1: using the "epoll" event method
2023/03/29 20:03:29 [notice] 1#1: nginx/1.23.4
2023/03/29 20:03:29 [notice] 1#1: built by gcc 10.2.1 20210110 (Debian 10.2.1-6) 
2023/03/29 20:03:29 [notice] 1#1: OS: Linux 5.15.49-linuxkit
2023/03/29 20:03:29 [notice] 1#1: getrlimit(RLIMIT_NOFILE): 1048576:1048576
2023/03/29 20:03:29 [notice] 1#1: start worker processes
2023/03/29 20:03:29 [notice] 1#1: start worker process 20
2023/03/29 20:03:29 [notice] 1#1: start worker process 21
2023/03/29 20:03:29 [notice] 1#1: start worker process 22
2023/03/29 20:03:29 [notice] 1#1: start worker process 23
2023/03/30 06:04:38 [notice] 1#1: signal 3 (SIGQUIT) received, shutting down
2023/03/30 06:04:38 [notice] 22#22: gracefully shutting down
2023/03/30 06:04:38 [notice] 23#23: gracefully shutting down
2023/03/30 06:04:38 [notice] 21#21: gracefully shutting down
2023/03/30 06:04:38 [notice] 20#20: gracefully shutting down
2023/03/30 06:04:38 [notice] 22#22: exiting
2023/03/30 06:04:38 [notice] 23#23: exiting
2023/03/30 06:04:38 [notice] 21#21: exiting
2023/03/30 06:04:38 [notice] 22#22: exit
2023/03/30 06:04:38 [notice] 20#20: exiting
2023/03/30 06:04:38 [notice] 23#23: exit
2023/03/30 06:04:38 [notice] 21#21: exit
2023/03/30 06:04:38 [notice] 20#20: exit
2023/03/30 06:04:38 [notice] 1#1: signal 17 (SIGCHLD) received from 22
2023/03/30 06:04:38 [notice] 1#1: worker process 22 exited with code 0
2023/03/30 06:04:38 [notice] 1#1: worker process 23 exited with code 0
2023/03/30 06:04:38 [notice] 1#1: worker process 20 exited with code 0
2023/03/30 06:04:38 [notice] 1#1: signal 29 (SIGIO) received
2023/03/30 06:04:38 [notice] 1#1: signal 17 (SIGCHLD) received from 23
2023/03/30 06:04:38 [notice] 1#1: worker process 21 exited with code 0
2023/03/30 06:04:39 [notice] 1#1: exit
2023/03/30 12:51:22 [notice] 1#1: using the "epoll" event method
2023/03/30 12:51:22 [notice] 1#1: nginx/1.23.4
2023/03/30 12:51:22 [notice] 1#1: built by gcc 10.2.1 20210110 (Debian 10.2.1-6) 
2023/03/30 12:51:22 [notice] 1#1: OS: Linux 5.15.49-linuxkit
2023/03/30 12:51:22 [notice] 1#1: getrlimit(RLIMIT_NOFILE): 1048576:1048576
2023/03/30 12:51:22 [notice] 1#1: start worker processes
2023/03/30 12:51:22 [notice] 1#1: start worker process 20
2023/03/30 12:51:22 [notice] 1#1: start worker process 21
2023/03/30 12:51:22 [notice] 1#1: start worker process 22
2023/03/30 12:51:22 [notice] 1#1: start worker process 23
2023/03/30 12:51:34 [error] 20#20: *1 directory index of "/var/www/public/" is forbidden, client: 172.18.0.1, server: localhost, request: "GET / HTTP/1.1", host: "localhost:8888"
2023/03/30 12:51:35 [error] 20#20: *1 open() "/var/www/public404" failed (2: No such file or directory), client: 172.18.0.1, server: localhost, request: "GET /favicon.ico HTTP/1.1", host: "localhost:8888", referrer: "http://localhost:8888/"
2023/03/30 12:52:49 [error] 22#22: *4 directory index of "/var/www/public/" is forbidden, client: 172.18.0.1, server: localhost, request: "GET / HTTP/1.1", host: "localhost:8888"
2023/03/30 12:53:30 [error] 21#21: *5 directory index of "/var/www/public/" is forbidden, client: 172.18.0.1, server: localhost, request: "GET / HTTP/1.1", host: "localhost:8888"
2023/03/30 12:55:46 [error] 21#21: *7 directory index of "/var/www/public/" is forbidden, client: 172.18.0.1, server: localhost, request: "GET / HTTP/1.1", host: "localhost:8888"
2023/03/30 12:57:32 [error] 21#21: *9 directory index of "/var/www/public/" is forbidden, client: 172.18.0.1, server: localhost, request: "GET / HTTP/1.1", host: "localhost:8888"
2023/03/30 12:58:28 [error] 21#21: *9 directory index of "/var/www/public/" is forbidden, client: 172.18.0.1, server: localhost, request: "GET / HTTP/1.1", host: "localhost:8888"
2023/03/30 13:01:05 [error] 21#21: *12 directory index of "/var/www/public/" is forbidden, client: 172.18.0.1, server: localhost, request: "GET / HTTP/1.1", host: "localhost:8888"
2023/03/30 13:01:39 [error] 21#21: *12 directory index of "/var/www/public/" is forbidden, client: 172.18.0.1, server: localhost, request: "GET / HTTP/1.1", host: "localhost:8888"
2023/03/30 13:02:34 [error] 20#20: *14 directory index of "/var/www/public/" is forbidden, client: 172.18.0.1, server: localhost, request: "GET / HTTP/1.1", host: "localhost:8888"
2023/03/30 13:02:34 [error] 20#20: *14 directory index of "/var/www/public/" is forbidden, client: 172.18.0.1, server: localhost, request: "GET / HTTP/1.1", host: "localhost:8888"
2023/03/30 13:04:02 [error] 20#20: *16 directory index of "/var/www/public/" is forbidden, client: 172.18.0.1, server: localhost, request: "GET / HTTP/1.1", host: "localhost:8888"
2023/03/30 13:05:07 [error] 20#20: *17 directory index of "/var/www/public/" is forbidden, client: 172.18.0.1, server: localhost, request: "GET / HTTP/1.1", host: "localhost:8888"
2023/03/30 13:05:08 [error] 20#20: *17 directory index of "/var/www/public/" is forbidden, client: 172.18.0.1, server: localhost, request: "GET / HTTP/1.1", host: "localhost:8888"
2023/03/30 13:10:09 [error] 20#20: *19 directory index of "/var/www/public/" is forbidden, client: 172.18.0.1, server: localhost, request: "GET / HTTP/1.1", host: "localhost:8888"
2023/03/30 13:10:26 [notice] 1#1: signal 17 (SIGCHLD) received from 3754
2023/03/30 13:10:26 [alert] 1#1: unknown process 3754 exited on signal 2
2023/03/30 13:14:31 [notice] 1#1: signal 3 (SIGQUIT) received, shutting down
2023/03/30 13:14:31 [notice] 20#20: gracefully shutting down
2023/03/30 13:14:31 [notice] 22#22: gracefully shutting down
2023/03/30 13:14:31 [notice] 23#23: gracefully shutting down
2023/03/30 13:14:31 [notice] 21#21: gracefully shutting down
2023/03/30 13:14:31 [notice] 20#20: exiting
2023/03/30 13:14:31 [notice] 22#22: exiting
2023/03/30 13:14:31 [notice] 23#23: exiting
2023/03/30 13:14:31 [notice] 21#21: exiting
2023/03/30 13:14:31 [notice] 22#22: exit
2023/03/30 13:14:31 [notice] 20#20: exit
2023/03/30 13:14:31 [notice] 23#23: exit
2023/03/30 13:14:31 [notice] 21#21: exit
2023/03/30 13:14:32 [notice] 1#1: signal 17 (SIGCHLD) received from 23
2023/03/30 13:14:32 [notice] 1#1: worker process 23 exited with code 0
2023/03/30 13:14:32 [notice] 1#1: signal 29 (SIGIO) received
2023/03/30 13:14:32 [notice] 1#1: signal 17 (SIGCHLD) received from 22
2023/03/30 13:14:32 [notice] 1#1: worker process 20 exited with code 0
2023/03/30 13:14:32 [notice] 1#1: worker process 21 exited with code 0
2023/03/30 13:14:32 [notice] 1#1: worker process 22 exited with code 0
2023/03/30 13:14:32 [notice] 1#1: exit
2023/03/30 13:17:53 [warn] 1#1: conflicting server name "localhost" on 0.0.0.0:80, ignored
2023/03/30 13:17:53 [notice] 1#1: using the "epoll" event method
2023/03/30 13:17:53 [notice] 1#1: nginx/1.23.4
2023/03/30 13:17:53 [notice] 1#1: built by gcc 10.2.1 20210110 (Debian 10.2.1-6) 
2023/03/30 13:17:53 [notice] 1#1: OS: Linux 5.15.49-linuxkit
2023/03/30 13:17:53 [notice] 1#1: getrlimit(RLIMIT_NOFILE): 1048576:1048576
2023/03/30 13:17:53 [notice] 1#1: start worker processes
2023/03/30 13:17:53 [notice] 1#1: start worker process 28
2023/03/30 13:17:53 [notice] 1#1: start worker process 29
2023/03/30 13:17:53 [notice] 1#1: start worker process 30
2023/03/30 13:17:53 [notice] 1#1: start worker process 31
2023/03/30 13:18:14 [notice] 29#29: signal 1 (SIGHUP) received, ignoring
2023/03/30 13:20:21 [warn] 1#1: conflicting server name "localhost" on 0.0.0.0:80, ignored
2023/03/30 13:20:21 [notice] 1#1: using the "epoll" event method
2023/03/30 13:20:21 [notice] 1#1: nginx/1.23.4
2023/03/30 13:20:21 [notice] 1#1: built by gcc 10.2.1 20210110 (Debian 10.2.1-6) 
2023/03/30 13:20:21 [notice] 1#1: OS: Linux 5.15.49-linuxkit
2023/03/30 13:20:21 [notice] 1#1: getrlimit(RLIMIT_NOFILE): 1048576:1048576
2023/03/30 13:20:21 [notice] 1#1: start worker processes
2023/03/30 13:20:21 [notice] 1#1: start worker process 27
2023/03/30 13:20:21 [notice] 1#1: start worker process 28
2023/03/30 13:20:21 [notice] 1#1: start worker process 29
2023/03/30 13:20:21 [notice] 1#1: start worker process 30
2023/03/30 13:20:41 [error] 28#28: *1 directory index of "/var/www/public/" is forbidden, client: 172.18.0.1, server: localhost, request: "GET / HTTP/1.1", host: "localhost:8888"
2023/03/30 13:25:12 [error] 27#27: *3 directory index of "/var/www/public/" is forbidden, client: 172.18.0.1, server: localhost, request: "GET / HTTP/1.1", host: "localhost:8888"
2023/03/30 13:26:57 [notice] 1#1: signal 3 (SIGQUIT) received, shutting down
2023/03/30 13:26:58 [notice] 27#27: gracefully shutting down
2023/03/30 13:26:58 [notice] 27#27: exiting
2023/03/30 13:26:58 [notice] 28#28: gracefully shutting down
2023/03/30 13:26:58 [notice] 30#30: gracefully shutting down
2023/03/30 13:26:58 [notice] 29#29: gracefully shutting down
2023/03/30 13:26:58 [notice] 30#30: exiting
2023/03/30 13:26:58 [notice] 28#28: exiting
2023/03/30 13:26:58 [notice] 27#27: exit
2023/03/30 13:26:58 [notice] 28#28: exit
2023/03/30 13:26:58 [notice] 30#30: exit
2023/03/30 13:26:58 [notice] 29#29: exiting
2023/03/30 13:26:58 [notice] 29#29: exit
2023/03/30 13:26:58 [notice] 1#1: signal 17 (SIGCHLD) received from 29
2023/03/30 13:26:58 [notice] 1#1: worker process 29 exited with code 0
2023/03/30 13:26:58 [notice] 1#1: worker process 28 exited with code 0
2023/03/30 13:26:58 [notice] 1#1: worker process 30 exited with code 0
2023/03/30 13:26:58 [notice] 1#1: worker process 27 exited with code 0
2023/03/30 13:26:58 [notice] 1#1: exit
2023/03/30 13:29:49 [warn] 1#1: conflicting server name "localhost" on 0.0.0.0:80, ignored
2023/03/30 13:29:49 [notice] 1#1: using the "epoll" event method
2023/03/30 13:29:49 [notice] 1#1: nginx/1.23.4
2023/03/30 13:29:49 [notice] 1#1: built by gcc 10.2.1 20210110 (Debian 10.2.1-6) 
2023/03/30 13:29:49 [notice] 1#1: OS: Linux 5.15.49-linuxkit
2023/03/30 13:29:49 [notice] 1#1: getrlimit(RLIMIT_NOFILE): 1048576:1048576
2023/03/30 13:29:49 [notice] 1#1: start worker processes
2023/03/30 13:29:49 [notice] 1#1: start worker process 27
2023/03/30 13:29:49 [notice] 1#1: start worker process 28
2023/03/30 13:29:49 [notice] 1#1: start worker process 29
2023/03/30 13:29:49 [notice] 1#1: start worker process 30
2023/03/30 13:30:16 [error] 27#27: *1 directory index of "/var/www/public/" is forbidden, client: 172.18.0.1, server: localhost, request: "GET / HTTP/1.1", host: "localhost:8888"
2023/03/30 13:33:59 [error] 28#28: *4 directory index of "/var/www/public/" is forbidden, client: 172.18.0.1, server: localhost, request: "GET / HTTP/1.1", host: "localhost:8888"
2023/03/30 13:36:09 [notice] 1#1: signal 3 (SIGQUIT) received, shutting down
2023/03/30 13:36:10 [notice] 28#28: gracefully shutting down
2023/03/30 13:36:10 [notice] 27#27: gracefully shutting down
2023/03/30 13:36:10 [notice] 29#29: gracefully shutting down
2023/03/30 13:36:10 [notice] 30#30: gracefully shutting down
2023/03/30 13:36:10 [notice] 27#27: exiting
2023/03/30 13:36:10 [notice] 28#28: exiting
2023/03/30 13:36:10 [notice] 29#29: exiting
2023/03/30 13:36:10 [notice] 30#30: exiting
2023/03/30 13:36:10 [notice] 30#30: exit
2023/03/30 13:36:10 [notice] 27#27: exit
2023/03/30 13:36:10 [notice] 28#28: exit
2023/03/30 13:36:10 [notice] 29#29: exit
2023/03/30 13:36:10 [notice] 1#1: signal 17 (SIGCHLD) received from 29
2023/03/30 13:36:10 [notice] 1#1: worker process 27 exited with code 0
2023/03/30 13:36:10 [notice] 1#1: worker process 29 exited with code 0
2023/03/30 13:36:10 [notice] 1#1: worker process 28 exited with code 0
2023/03/30 13:36:10 [notice] 1#1: worker process 30 exited with code 0
2023/03/30 13:36:10 [notice] 1#1: exit
2023/03/30 13:41:49 [warn] 1#1: conflicting server name "localhost" on 0.0.0.0:80, ignored
2023/03/30 13:41:49 [notice] 1#1: using the "epoll" event method
2023/03/30 13:41:49 [notice] 1#1: nginx/1.23.4
2023/03/30 13:41:49 [notice] 1#1: built by gcc 10.2.1 20210110 (Debian 10.2.1-6) 
2023/03/30 13:41:49 [notice] 1#1: OS: Linux 5.15.49-linuxkit
2023/03/30 13:41:49 [notice] 1#1: getrlimit(RLIMIT_NOFILE): 1048576:1048576
2023/03/30 13:41:49 [notice] 1#1: start worker processes
2023/03/30 13:41:49 [notice] 1#1: start worker process 28
2023/03/30 13:41:49 [notice] 1#1: start worker process 29
2023/03/30 13:41:49 [notice] 1#1: start worker process 30
2023/03/30 13:41:49 [notice] 1#1: start worker process 31
2023/03/30 19:40:43 [error] 29#29: *4 directory index of "/var/www/public/" is forbidden, client: 172.18.0.1, server: localhost, request: "GET / HTTP/1.1", host: "localhost:8888"
2023/03/30 19:40:45 [error] 29#29: *4 directory index of "/var/www/public/" is forbidden, client: 172.18.0.1, server: localhost, request: "GET / HTTP/1.1", host: "localhost:8888"
2023/03/30 19:42:30 [notice] 1#1: signal 3 (SIGQUIT) received, shutting down
2023/03/30 19:42:30 [notice] 29#29: gracefully shutting down
2023/03/30 19:42:30 [notice] 30#30: gracefully shutting down
2023/03/30 19:42:30 [notice] 28#28: gracefully shutting down
2023/03/30 19:42:30 [notice] 31#31: gracefully shutting down
2023/03/30 19:42:30 [notice] 28#28: exiting
2023/03/30 19:42:30 [notice] 29#29: exiting
2023/03/30 19:42:30 [notice] 30#30: exiting
2023/03/30 19:42:30 [notice] 31#31: exiting
2023/03/30 19:42:30 [notice] 31#31: exit
2023/03/30 19:42:30 [notice] 28#28: exit
2023/03/30 19:42:30 [notice] 29#29: exit
2023/03/30 19:42:30 [notice] 30#30: exit
2023/03/30 19:42:30 [notice] 1#1: signal 17 (SIGCHLD) received from 31
2023/03/30 19:42:30 [notice] 1#1: worker process 30 exited with code 0
2023/03/30 19:42:30 [notice] 1#1: worker process 31 exited with code 0
2023/03/30 19:42:30 [notice] 1#1: signal 29 (SIGIO) received
2023/03/30 19:42:30 [notice] 1#1: signal 17 (SIGCHLD) received from 30
2023/03/30 19:42:30 [notice] 1#1: signal 17 (SIGCHLD) received from 29
2023/03/30 19:42:30 [notice] 1#1: worker process 28 exited with code 0
2023/03/30 19:42:30 [notice] 1#1: worker process 29 exited with code 0
2023/03/30 19:42:30 [notice] 1#1: exit
2023/03/30 19:43:06 [notice] 1#1: using the "epoll" event method
2023/03/30 19:43:06 [notice] 1#1: nginx/1.23.4
2023/03/30 19:43:06 [notice] 1#1: built by gcc 10.2.1 20210110 (Debian 10.2.1-6) 
2023/03/30 19:43:06 [notice] 1#1: OS: Linux 5.15.49-linuxkit
2023/03/30 19:43:06 [notice] 1#1: getrlimit(RLIMIT_NOFILE): 1048576:1048576
2023/03/30 19:43:06 [notice] 1#1: start worker processes
2023/03/30 19:43:06 [notice] 1#1: start worker process 27
2023/03/30 19:43:06 [notice] 1#1: start worker process 28
2023/03/30 19:43:06 [notice] 1#1: start worker process 29
2023/03/30 19:43:06 [notice] 1#1: start worker process 30
2023/03/30 19:43:12 [error] 27#27: *2 directory index of "/var/www/public/" is forbidden, client: 172.18.0.1, server: localhost, request: "GET / HTTP/1.1", host: "localhost:8888"
2023/03/30 19:45:46 [error] 30#30: *4 directory index of "/var/www/public/" is forbidden, client: 172.18.0.1, server: localhost, request: "GET / HTTP/1.1", host: "localhost:8888"
2023/03/30 19:45:47 [error] 30#30: *4 directory index of "/var/www/public/" is forbidden, client: 172.18.0.1, server: localhost, request: "GET / HTTP/1.1", host: "localhost:8888"
2023/03/30 19:45:48 [error] 30#30: *4 directory index of "/var/www/public/" is forbidden, client: 172.18.0.1, server: localhost, request: "GET / HTTP/1.1", host: "localhost:8888"
2023/03/30 19:45:52 [error] 30#30: *4 directory index of "/var/www/public/" is forbidden, client: 172.18.0.1, server: localhost, request: "GET / HTTP/1.1", host: "localhost:8888"
2023/03/30 19:55:02 [notice] 42#42: signal process started
2023/03/30 19:55:02 [notice] 1#1: signal 1 (SIGHUP) received from 42, reconfiguring
2023/03/30 19:55:02 [notice] 1#1: reconfiguring
2023/03/30 19:55:02 [notice] 1#1: using the "epoll" event method
2023/03/30 19:55:02 [notice] 1#1: start worker processes
2023/03/30 19:55:02 [notice] 1#1: start worker process 43
2023/03/30 19:55:02 [notice] 1#1: start worker process 44
2023/03/30 19:55:02 [notice] 1#1: start worker process 45
2023/03/30 19:55:02 [notice] 1#1: start worker process 46
2023/03/30 19:55:02 [notice] 27#27: gracefully shutting down
2023/03/30 19:55:02 [notice] 29#29: gracefully shutting down
2023/03/30 19:55:02 [notice] 28#28: gracefully shutting down
2023/03/30 19:55:02 [notice] 30#30: gracefully shutting down
2023/03/30 19:55:02 [notice] 27#27: exiting
2023/03/30 19:55:02 [notice] 29#29: exiting
2023/03/30 19:55:02 [notice] 27#27: exit
2023/03/30 19:55:02 [notice] 28#28: exiting
2023/03/30 19:55:02 [notice] 29#29: exit
2023/03/30 19:55:02 [notice] 30#30: exiting
2023/03/30 19:55:02 [notice] 28#28: exit
2023/03/30 19:55:02 [notice] 30#30: exit
2023/03/30 19:55:02 [notice] 1#1: signal 17 (SIGCHLD) received from 29
2023/03/30 19:55:02 [notice] 1#1: worker process 29 exited with code 0
2023/03/30 19:55:02 [notice] 1#1: worker process 27 exited with code 0
2023/03/30 19:55:02 [notice] 1#1: signal 29 (SIGIO) received
2023/03/30 19:55:02 [notice] 1#1: signal 17 (SIGCHLD) received from 27
2023/03/30 19:55:02 [notice] 1#1: worker process 28 exited with code 0
2023/03/30 19:55:02 [notice] 1#1: signal 29 (SIGIO) received
2023/03/30 19:55:02 [notice] 1#1: signal 17 (SIGCHLD) received from 30
2023/03/30 19:55:02 [notice] 1#1: worker process 30 exited with code 0
2023/03/30 19:55:02 [notice] 1#1: signal 29 (SIGIO) received
2023/03/30 19:58:27 [notice] 1#1: signal 3 (SIGQUIT) received, shutting down
2023/03/30 19:58:27 [notice] 43#43: gracefully shutting down
2023/03/30 19:58:27 [notice] 45#45: gracefully shutting down
2023/03/30 19:58:27 [notice] 46#46: gracefully shutting down
2023/03/30 19:58:27 [notice] 44#44: gracefully shutting down
2023/03/30 19:58:27 [notice] 43#43: exiting
2023/03/30 19:58:27 [notice] 45#45: exiting
2023/03/30 19:58:27 [notice] 46#46: exiting
2023/03/30 19:58:27 [notice] 44#44: exiting
2023/03/30 19:58:27 [notice] 46#46: exit
2023/03/30 19:58:27 [notice] 44#44: exit
2023/03/30 19:58:27 [notice] 43#43: exit
2023/03/30 19:58:27 [notice] 45#45: exit
2023/03/30 19:58:27 [notice] 1#1: signal 17 (SIGCHLD) received from 46
2023/03/30 19:58:27 [notice] 1#1: worker process 43 exited with code 0
2023/03/30 19:58:27 [notice] 1#1: worker process 45 exited with code 0
2023/03/30 19:58:27 [notice] 1#1: worker process 46 exited with code 0
2023/03/30 19:58:27 [notice] 1#1: worker process 44 exited with code 0
2023/03/30 19:58:27 [notice] 1#1: exit
2023/03/30 19:58:29 [emerg] 1#1: unexpected end of file, expecting "}" in /etc/nginx/conf.d/default.conf:19
2023/03/30 19:58:30 [emerg] 1#1: unexpected end of file, expecting "}" in /etc/nginx/conf.d/default.conf:19
2023/03/30 19:58:31 [emerg] 1#1: unexpected end of file, expecting "}" in /etc/nginx/conf.d/default.conf:19
2023/03/30 19:58:32 [emerg] 1#1: unexpected end of file, expecting "}" in /etc/nginx/conf.d/default.conf:19
2023/03/30 19:58:34 [emerg] 1#1: unexpected end of file, expecting "}" in /etc/nginx/conf.d/default.conf:19
2023/03/30 19:58:36 [emerg] 1#1: unexpected end of file, expecting "}" in /etc/nginx/conf.d/default.conf:19
2023/03/30 19:58:41 [emerg] 1#1: unexpected end of file, expecting "}" in /etc/nginx/conf.d/default.conf:19
2023/03/30 19:58:49 [emerg] 1#1: unexpected end of file, expecting "}" in /etc/nginx/conf.d/default.conf:19
2023/03/30 19:59:02 [emerg] 1#1: invalid number of arguments in "fastcgi_pass" directive in /etc/nginx/conf.d/default.conf:11
2023/03/30 19:59:09 [emerg] 1#1: invalid number of arguments in "fastcgi_pass" directive in /etc/nginx/conf.d/default.conf:12
2023/03/30 19:59:09 [emerg] 1#1: invalid number of arguments in "fastcgi_pass" directive in /etc/nginx/conf.d/default.conf:12
2023/03/30 19:59:10 [emerg] 1#1: invalid number of arguments in "fastcgi_pass" directive in /etc/nginx/conf.d/default.conf:12
2023/03/30 19:59:12 [emerg] 1#1: invalid number of arguments in "fastcgi_pass" directive in /etc/nginx/conf.d/default.conf:12
2023/03/30 19:59:13 [emerg] 1#1: invalid number of arguments in "fastcgi_pass" directive in /etc/nginx/conf.d/default.conf:12
2023/03/30 19:59:16 [emerg] 1#1: invalid number of arguments in "fastcgi_pass" directive in /etc/nginx/conf.d/default.conf:12
2023/03/30 19:59:20 [emerg] 1#1: invalid number of arguments in "fastcgi_pass" directive in /etc/nginx/conf.d/default.conf:12
2023/03/30 19:59:27 [emerg] 1#1: invalid number of arguments in "fastcgi_pass" directive in /etc/nginx/conf.d/default.conf:12
2023/03/30 19:59:41 [emerg] 1#1: unexpected end of file, expecting "}" in /etc/nginx/conf.d/default.conf:17
2023/03/30 19:59:42 [emerg] 1#1: unexpected end of file, expecting "}" in /etc/nginx/conf.d/default.conf:17
2023/03/30 19:59:43 [emerg] 1#1: unexpected end of file, expecting "}" in /etc/nginx/conf.d/default.conf:17
2023/03/30 19:59:45 [emerg] 1#1: unexpected end of file, expecting "}" in /etc/nginx/conf.d/default.conf:17
2023/03/30 19:59:46 [emerg] 1#1: unexpected end of file, expecting "}" in /etc/nginx/conf.d/default.conf:17
2023/03/30 19:59:48 [emerg] 1#1: unexpected end of file, expecting "}" in /etc/nginx/conf.d/default.conf:17
2023/03/30 19:59:51 [emerg] 1#1: unexpected end of file, expecting "}" in /etc/nginx/conf.d/default.conf:17
2023/03/30 19:59:55 [emerg] 1#1: unexpected end of file, expecting "}" in /etc/nginx/conf.d/default.conf:17
2023/03/30 20:00:03 [notice] 1#1: using the "epoll" event method
2023/03/30 20:00:03 [notice] 1#1: nginx/1.23.4
2023/03/30 20:00:03 [notice] 1#1: built by gcc 10.2.1 20210110 (Debian 10.2.1-6) 
2023/03/30 20:00:03 [notice] 1#1: OS: Linux 5.15.49-linuxkit
2023/03/30 20:00:03 [notice] 1#1: getrlimit(RLIMIT_NOFILE): 1048576:1048576
2023/03/30 20:00:03 [notice] 1#1: start worker processes
2023/03/30 20:00:03 [notice] 1#1: start worker process 28
2023/03/30 20:00:03 [notice] 1#1: start worker process 29
2023/03/30 20:00:03 [notice] 1#1: start worker process 30
2023/03/30 20:00:03 [notice] 1#1: start worker process 31
2023/03/30 20:00:08 [notice] 1#1: signal 3 (SIGQUIT) received, shutting down
2023/03/30 20:00:08 [notice] 30#30: gracefully shutting down
2023/03/30 20:00:08 [notice] 28#28: gracefully shutting down
2023/03/30 20:00:08 [notice] 29#29: gracefully shutting down
2023/03/30 20:00:08 [notice] 29#29: exiting
2023/03/30 20:00:08 [notice] 31#31: gracefully shutting down
2023/03/30 20:00:08 [notice] 30#30: exiting
2023/03/30 20:00:08 [notice] 30#30: exit
2023/03/30 20:00:08 [notice] 28#28: exiting
2023/03/30 20:00:08 [notice] 28#28: exit
2023/03/30 20:00:08 [notice] 29#29: exit
2023/03/30 20:00:08 [notice] 31#31: exiting
2023/03/30 20:00:08 [notice] 31#31: exit
2023/03/30 20:00:08 [notice] 1#1: signal 17 (SIGCHLD) received from 30
2023/03/30 20:00:08 [notice] 1#1: worker process 30 exited with code 0
2023/03/30 20:00:08 [notice] 1#1: signal 29 (SIGIO) received
2023/03/30 20:00:08 [notice] 1#1: signal 17 (SIGCHLD) received from 28
2023/03/30 20:00:08 [notice] 1#1: worker process 28 exited with code 0
2023/03/30 20:00:08 [notice] 1#1: signal 29 (SIGIO) received
2023/03/30 20:00:08 [notice] 1#1: signal 17 (SIGCHLD) received from 29
2023/03/30 20:00:08 [notice] 1#1: worker process 29 exited with code 0
2023/03/30 20:00:08 [notice] 1#1: signal 29 (SIGIO) received
2023/03/30 20:00:08 [notice] 1#1: signal 17 (SIGCHLD) received from 31
2023/03/30 20:00:08 [notice] 1#1: worker process 31 exited with code 0
2023/03/30 20:00:08 [notice] 1#1: exit
2023/03/30 20:00:09 [notice] 1#1: using the "epoll" event method
2023/03/30 20:00:09 [notice] 1#1: nginx/1.23.4
2023/03/30 20:00:09 [notice] 1#1: built by gcc 10.2.1 20210110 (Debian 10.2.1-6) 
2023/03/30 20:00:09 [notice] 1#1: OS: Linux 5.15.49-linuxkit
2023/03/30 20:00:09 [notice] 1#1: getrlimit(RLIMIT_NOFILE): 1048576:1048576
2023/03/30 20:00:09 [notice] 1#1: start worker processes
2023/03/30 20:00:09 [notice] 1#1: start worker process 28
2023/03/30 20:00:09 [notice] 1#1: start worker process 29
2023/03/30 20:00:09 [notice] 1#1: start worker process 30
2023/03/30 20:00:09 [notice] 1#1: start worker process 31
2023/03/30 20:00:12 [error] 28#28: *1 directory index of "/var/www/public/" is forbidden, client: 172.18.0.1, server: localhost, request: "GET / HTTP/1.1", host: "localhost:8888"
2023/03/30 20:03:53 [notice] 1#1: signal 3 (SIGQUIT) received, shutting down
2023/03/30 20:03:53 [notice] 28#28: gracefully shutting down
2023/03/30 20:03:53 [notice] 29#29: gracefully shutting down
2023/03/30 20:03:53 [notice] 30#30: gracefully shutting down
2023/03/30 20:03:53 [notice] 31#31: gracefully shutting down
2023/03/30 20:03:53 [notice] 28#28: exiting
2023/03/30 20:03:53 [notice] 29#29: exiting
2023/03/30 20:03:53 [notice] 30#30: exiting
2023/03/30 20:03:53 [notice] 31#31: exiting
2023/03/30 20:03:53 [notice] 29#29: exit
2023/03/30 20:03:53 [notice] 31#31: exit
2023/03/30 20:03:53 [notice] 28#28: exit
2023/03/30 20:03:53 [notice] 30#30: exit
2023/03/30 20:03:53 [notice] 1#1: signal 17 (SIGCHLD) received from 31
2023/03/30 20:03:53 [notice] 1#1: worker process 30 exited with code 0
2023/03/30 20:03:53 [notice] 1#1: worker process 28 exited with code 0
2023/03/30 20:03:53 [notice] 1#1: worker process 29 exited with code 0
2023/03/30 20:03:53 [notice] 1#1: worker process 31 exited with code 0
2023/03/30 20:03:53 [notice] 1#1: exit
2023/03/30 20:03:54 [notice] 1#1: using the "epoll" event method
2023/03/30 20:03:54 [notice] 1#1: nginx/1.23.4
2023/03/30 20:03:54 [notice] 1#1: built by gcc 10.2.1 20210110 (Debian 10.2.1-6) 
2023/03/30 20:03:54 [notice] 1#1: OS: Linux 5.15.49-linuxkit
2023/03/30 20:03:54 [notice] 1#1: getrlimit(RLIMIT_NOFILE): 1048576:1048576
2023/03/30 20:03:54 [notice] 1#1: start worker processes
2023/03/30 20:03:54 [notice] 1#1: start worker process 28
2023/03/30 20:03:54 [notice] 1#1: start worker process 29
2023/03/30 20:03:54 [notice] 1#1: start worker process 30
2023/03/30 20:03:54 [notice] 1#1: start worker process 31
2023/03/30 20:03:59 [error] 28#28: *2 "/etc/nginx/html/index.html" is not found (2: No such file or directory), client: 172.18.0.1, server: localhost, request: "GET / HTTP/1.1", host: "localhost:8888"
2023/03/30 20:06:02 [notice] 1#1: signal 3 (SIGQUIT) received, shutting down
2023/03/30 20:06:02 [notice] 28#28: gracefully shutting down
2023/03/30 20:06:02 [notice] 28#28: exiting
2023/03/30 20:06:02 [notice] 29#29: gracefully shutting down
2023/03/30 20:06:02 [notice] 30#30: gracefully shutting down
2023/03/30 20:06:02 [notice] 29#29: exiting
2023/03/30 20:06:02 [notice] 30#30: exiting
2023/03/30 20:06:02 [notice] 31#31: gracefully shutting down
2023/03/30 20:06:02 [notice] 28#28: exit
2023/03/30 20:06:02 [notice] 29#29: exit
2023/03/30 20:06:02 [notice] 31#31: exiting
2023/03/30 20:06:02 [notice] 30#30: exit
2023/03/30 20:06:02 [notice] 31#31: exit
2023/03/30 20:06:02 [notice] 1#1: signal 17 (SIGCHLD) received from 29
2023/03/30 20:06:02 [notice] 1#1: worker process 29 exited with code 0
2023/03/30 20:06:02 [notice] 1#1: signal 29 (SIGIO) received
2023/03/30 20:06:02 [notice] 1#1: signal 17 (SIGCHLD) received from 28
2023/03/30 20:06:02 [notice] 1#1: worker process 28 exited with code 0
2023/03/30 20:06:02 [notice] 1#1: worker process 30 exited with code 0
2023/03/30 20:06:02 [notice] 1#1: worker process 31 exited with code 0
2023/03/30 20:06:02 [notice] 1#1: exit
2023/03/30 20:06:03 [emerg] 1#1: "user" directive is not allowed here in /etc/nginx/conf.d/default.conf:1
2023/03/30 20:06:05 [emerg] 1#1: "user" directive is not allowed here in /etc/nginx/conf.d/default.conf:1
2023/03/30 20:06:06 [emerg] 1#1: "user" directive is not allowed here in /etc/nginx/conf.d/default.conf:1
2023/03/30 20:06:08 [emerg] 1#1: "user" directive is not allowed here in /etc/nginx/conf.d/default.conf:1
2023/03/30 20:06:11 [emerg] 1#1: "user" directive is not allowed here in /etc/nginx/conf.d/default.conf:1
2023/03/30 20:06:14 [emerg] 1#1: "user" directive is not allowed here in /etc/nginx/conf.d/default.conf:1
2023/03/30 20:06:18 [emerg] 1#1: "user" directive is not allowed here in /etc/nginx/conf.d/default.conf:1
2023/03/30 20:06:25 [emerg] 1#1: "user" directive is not allowed here in /etc/nginx/conf.d/default.conf:1
2023/03/30 20:06:40 [emerg] 1#1: "http" directive is not allowed here in /etc/nginx/conf.d/default.conf:1
2023/03/30 20:06:47 [emerg] 1#1: "http" directive is not allowed here in /etc/nginx/conf.d/default.conf:1
2023/03/30 20:06:48 [emerg] 1#1: "http" directive is not allowed here in /etc/nginx/conf.d/default.conf:1
2023/03/30 20:06:49 [emerg] 1#1: "http" directive is not allowed here in /etc/nginx/conf.d/default.conf:1
2023/03/30 20:06:51 [emerg] 1#1: "http" directive is not allowed here in /etc/nginx/conf.d/default.conf:1
2023/03/30 20:06:52 [emerg] 1#1: "http" directive is not allowed here in /etc/nginx/conf.d/default.conf:1
2023/03/30 20:06:55 [emerg] 1#1: "http" directive is not allowed here in /etc/nginx/conf.d/default.conf:1
2023/03/30 20:06:58 [emerg] 1#1: "http" directive is not allowed here in /etc/nginx/conf.d/default.conf:1
2023/03/30 20:07:06 [emerg] 1#1: "http" directive is not allowed here in /etc/nginx/conf.d/default.conf:1
2023/03/30 20:07:20 [notice] 1#1: using the "epoll" event method
2023/03/30 20:07:20 [notice] 1#1: nginx/1.23.4
2023/03/30 20:07:20 [notice] 1#1: built by gcc 10.2.1 20210110 (Debian 10.2.1-6) 
2023/03/30 20:07:20 [notice] 1#1: OS: Linux 5.15.49-linuxkit
2023/03/30 20:07:20 [notice] 1#1: getrlimit(RLIMIT_NOFILE): 1048576:1048576
2023/03/30 20:07:20 [notice] 1#1: start worker processes
2023/03/30 20:07:20 [notice] 1#1: start worker process 27
2023/03/30 20:07:20 [notice] 1#1: start worker process 28
2023/03/30 20:07:20 [notice] 1#1: start worker process 29
2023/03/30 20:07:20 [notice] 1#1: start worker process 30
2023/03/30 20:08:06 [notice] 1#1: signal 3 (SIGQUIT) received, shutting down
2023/03/30 20:08:06 [notice] 27#27: gracefully shutting down
2023/03/30 20:08:06 [notice] 29#29: gracefully shutting down
2023/03/30 20:08:06 [notice] 28#28: gracefully shutting down
2023/03/30 20:08:06 [notice] 30#30: gracefully shutting down
2023/03/30 20:08:06 [notice] 27#27: exiting
2023/03/30 20:08:06 [notice] 28#28: exiting
2023/03/30 20:08:06 [notice] 27#27: exit
2023/03/30 20:08:06 [notice] 30#30: exiting
2023/03/30 20:08:06 [notice] 28#28: exit
2023/03/30 20:08:06 [notice] 30#30: exit
2023/03/30 20:08:06 [notice] 1#1: signal 17 (SIGCHLD) received from 28
2023/03/30 20:08:06 [notice] 1#1: worker process 28 exited with code 0
2023/03/30 20:08:06 [notice] 1#1: signal 29 (SIGIO) received
2023/03/30 20:08:06 [notice] 1#1: signal 17 (SIGCHLD) received from 27
2023/03/30 20:08:06 [notice] 1#1: worker process 27 exited with code 0
2023/03/30 20:08:06 [notice] 1#1: signal 29 (SIGIO) received
2023/03/30 20:08:06 [notice] 1#1: signal 17 (SIGCHLD) received from 30
2023/03/30 20:08:06 [notice] 1#1: worker process 30 exited with code 0
2023/03/30 20:08:06 [notice] 1#1: signal 29 (SIGIO) received
2023/03/30 20:08:36 [notice] 1#1: using the "epoll" event method
2023/03/30 20:08:36 [notice] 1#1: nginx/1.23.4
2023/03/30 20:08:36 [notice] 1#1: built by gcc 10.2.1 20210110 (Debian 10.2.1-6) 
2023/03/30 20:08:36 [notice] 1#1: OS: Linux 5.15.49-linuxkit
2023/03/30 20:08:36 [notice] 1#1: getrlimit(RLIMIT_NOFILE): 1048576:1048576
2023/03/30 20:08:36 [notice] 1#1: start worker processes
2023/03/30 20:08:36 [notice] 1#1: start worker process 28
2023/03/30 20:08:36 [notice] 1#1: start worker process 29
2023/03/30 20:08:36 [notice] 1#1: start worker process 30
2023/03/30 20:08:36 [notice] 1#1: start worker process 31
